  stdafx.cpp
  lab3.cpp
d:\enjoy\labsforborodavka\lab3\lab3\lab3.cpp(15): warning C4244: инициализация: преобразование "GLuint" в "GLfloat", возможна потеря данных
d:\enjoy\labsforborodavka\lab3\lab3\lab3.cpp(150): warning C4244: инициализация: преобразование "double" в "GLfloat", возможна потеря данных
d:\enjoy\labsforborodavka\lab3\lab3\lab3.cpp(124): warning C4101: texture2: неиспользованная локальная переменная
d:\enjoy\labsforborodavka\lab3\lab3\lab3.cpp(506): warning C4244: =: преобразование "double" в "GLfloat", возможна потеря данных
d:\enjoy\labsforborodavka\lab3\lab3\lab3.cpp(507): warning C4244: =: преобразование "double" в "GLfloat", возможна потеря данных
d:\enjoy\labsforborodavka\lab3\lab3\lab3.cpp(511): warning C4244: инициализация: преобразование "double" в "GLfloat", возможна потеря данных
d:\enjoy\labsforborodavka\lab3\lab3\lab3.cpp(512): warning C4244: инициализация: преобразование "double" в "GLfloat", возможна потеря данных
d:\enjoy\labsforborodavka\lab3\lab3\lab3.cpp(514): warning C4244: =: преобразование "double" в "GLfloat", возможна потеря данных
d:\enjoy\labsforborodavka\lab3\lab3\lab3.cpp(515): warning C4244: =: преобразование "double" в "GLfloat", возможна потеря данных
d:\enjoy\labsforborodavka\lab3\lab3\lab3.cpp(521): warning C4244: аргумент: преобразование "double" в "GLfloat", возможна потеря данных
  GLM: perspective function taking degrees as a parameter is deprecated. #define GLM_FORCE_RADIANS before including GLM headers to remove this message.
  GLM: rotate function taking degrees as a parameter is deprecated. #define GLM_FORCE_RADIANS before including GLM headers to remove this message.
  SOIL.lib(SOIL.obj) : найден .netmodule MSIL или модуль, откомпилированный с параметром /GL; перезапускается компоновка с параметром /LTCG; добавьте /LTCG в командную строку компоновки для повышения производительности компоновщика
LINK : warning LNK4075: эх єўшЄ√трхЄё  "/INCREMENTAL" шч-чр ёяхЎшЇшърЎшш "/LTCG"
LINK : warning LNK4098: сшсышюЄхър яю єьюыўрэш■ "LIBCMT" яЁюЄштюЁхўшЄ шёяюы№чютрэш■ фЁєушї сшсышюЄхъ; шёяюы№чєщЄх ярЁрьхЄЁ /NODEFAULTLIB:library
LINK : warning LNK4098: сшсышюЄхър яю єьюыўрэш■ "MSVCRT" яЁюЄштюЁхўшЄ шёяюы№чютрэш■ фЁєушї сшсышюЄхъ; шёяюы№чєщЄх ярЁрьхЄЁ /NODEFAULTLIB:library
  ╤ючфрэшх ъюфр
  ╤ючфрэшх ъюфр чртхЁ°хэю
glew32s.lib(glew.obj) : warning LNK4099: "vc120.pdb" PDB эх эрщфхэ ё "glew32s.lib(glew.obj)" шыш эр "D:\Enjoy\labsForBorodavka\lab3\Debug\vc120.pdb"; ъюьяюэютър юс·хъЄр т√яюыэ хЄё  ъръ яЁш юЄёєЄёЄтшш юЄырфюўэ√ї фрээ√ї
  lab3.vcxproj -> D:\Enjoy\labsForBorodavka\lab3\Debug\lab3.exe
